[debug] [2024-06-10T17:39:00.816Z] ----------------------------------------------------------------------
[debug] [2024-06-10T17:39:00.838Z] Command:       C:\Program Files\nodejs\node.exe C:\Users\alexis\AppData\Roaming\npm\node_modules\firebase-tools\lib\bin\firebase.js init
[debug] [2024-06-10T17:39:00.839Z] CLI Version:   13.11.2
[debug] [2024-06-10T17:39:00.840Z] Platform:      win32
[debug] [2024-06-10T17:39:00.841Z] Node Version:  v20.14.0
[debug] [2024-06-10T17:39:00.842Z] Time:          Mon Jun 10 2024 14:39:00 GMT-0300 (hora estándar de Argentina)
[debug] [2024-06-10T17:39:00.842Z] ----------------------------------------------------------------------
[debug] 
[debug] [2024-06-10T17:39:00.875Z] > command requires scopes: ["email","openid","https://www.googleapis.com/auth/cloudplatformprojects.readonly","https://www.googleapis.com/auth/firebase","https://www.googleapis.com/auth/cloud-platform"]
[debug] [2024-06-10T17:39:00.877Z] > authorizing via signed-in user (alexisvallejos805@gmail.com)
[info] 
     ######## #### ########  ######## ########     ###     ######  ########
     ##        ##  ##     ## ##       ##     ##  ##   ##  ##       ##
     ######    ##  ########  ######   ########  #########  ######  ######
     ##        ##  ##    ##  ##       ##     ## ##     ##       ## ##
     ##       #### ##     ## ######## ########  ##     ##  ######  ########

You're about to initialize a Firebase project in this directory:

  C:\Users\alexis\Desktop\v0-demo

[info] 
=== Project Setup
[info] 
[info] First, let's associate this project directory with a Firebase project.
[info] You can create multiple project aliases by running firebase use --add, 
[info] but for now we'll just set up a default project.
[info] 
[debug] [2024-06-10T17:39:44.324Z] > refreshing access token with scopes: []
[debug] [2024-06-10T17:39:44.330Z] >>> [apiv2][query] POST https://www.googleapis.com/oauth2/v3/token [none]
[debug] [2024-06-10T17:39:44.331Z] >>> [apiv2][body] POST https://www.googleapis.com/oauth2/v3/token [omitted]
[debug] [2024-06-10T17:39:44.875Z] <<< [apiv2][status] POST https://www.googleapis.com/oauth2/v3/token 200
[debug] [2024-06-10T17:39:44.876Z] <<< [apiv2][body] POST https://www.googleapis.com/oauth2/v3/token [omitted]
[debug] [2024-06-10T17:39:44.903Z] >>> [apiv2][query] GET https://firebase.googleapis.com/v1beta1/projects pageSize=100
[debug] [2024-06-10T17:39:45.659Z] <<< [apiv2][status] GET https://firebase.googleapis.com/v1beta1/projects 200
[debug] [2024-06-10T17:39:45.659Z] <<< [apiv2][body] GET https://firebase.googleapis.com/v1beta1/projects [omitted]
[info] i  Using project camisetasretroecomerce (CamisetasRetroEcomerce) 
[info] 
=== Firestore Setup
[debug] [2024-06-10T17:39:48.449Z] >>> [apiv2][query] GET https://serviceusage.googleapis.com/v1/projects/camisetasretroecomerce/services/firestore.googleapis.com [none]
[debug] [2024-06-10T17:39:48.450Z] >>> [apiv2][(partial)header] GET https://serviceusage.googleapis.com/v1/projects/camisetasretroecomerce/services/firestore.googleapis.com x-goog-quota-user=projects/camisetasretroecomerce
[debug] [2024-06-10T17:39:49.894Z] <<< [apiv2][status] GET https://serviceusage.googleapis.com/v1/projects/camisetasretroecomerce/services/firestore.googleapis.com 200
[debug] [2024-06-10T17:39:49.895Z] <<< [apiv2][body] GET https://serviceusage.googleapis.com/v1/projects/camisetasretroecomerce/services/firestore.googleapis.com [omitted]
[debug] [2024-06-10T17:39:49.896Z] >>> [apiv2][query] GET https://firestore.googleapis.com/v1/projects/camisetasretroecomerce/databases/(default) [none]
[debug] [2024-06-10T17:39:51.236Z] <<< [apiv2][status] GET https://firestore.googleapis.com/v1/projects/camisetasretroecomerce/databases/(default) 200
[debug] [2024-06-10T17:39:51.237Z] <<< [apiv2][body] GET https://firestore.googleapis.com/v1/projects/camisetasretroecomerce/databases/(default) {"name":"projects/camisetasretroecomerce/databases/(default)","uid":"e92095a6-f277-45c3-beee-bb9d919c1d73","createTime":"2024-06-10T14:21:31.052070Z","updateTime":"2024-06-10T14:21:31.052070Z","locationId":"nam5","type":"FIRESTORE_NATIVE","concurrencyMode":"PESSIMISTIC","versionRetentionPeriod":"3600s","earliestVersionTime":"2024-06-10T16:39:53.585710Z","appEngineIntegrationMode":"DISABLED","keyPrefix":"s","pointInTimeRecoveryEnablement":"POINT_IN_TIME_RECOVERY_DISABLED","deleteProtectionState":"DELETE_PROTECTION_DISABLED","etag":"IICytpjK0YYDMKa47eyd0YYD"}
[debug] [2024-06-10T17:39:51.238Z] database_type: FIRESTORE_NATIVE
[debug] [2024-06-10T17:39:51.239Z] > command requires scopes: ["email","openid","https://www.googleapis.com/auth/cloudplatformprojects.readonly","https://www.googleapis.com/auth/firebase","https://www.googleapis.com/auth/cloud-platform"]
[debug] [2024-06-10T17:39:51.239Z] > authorizing via signed-in user (alexisvallejos805@gmail.com)
[debug] [2024-06-10T17:39:51.240Z] [iam] checking project camisetasretroecomerce for permissions ["firebase.projects.get"]
[debug] [2024-06-10T17:39:51.242Z] >>> [apiv2][query] POST https://cloudresourcemanager.googleapis.com/v1/projects/camisetasretroecomerce:testIamPermissions [none]
[debug] [2024-06-10T17:39:51.242Z] >>> [apiv2][(partial)header] POST https://cloudresourcemanager.googleapis.com/v1/projects/camisetasretroecomerce:testIamPermissions x-goog-quota-user=projects/camisetasretroecomerce
[debug] [2024-06-10T17:39:51.242Z] >>> [apiv2][body] POST https://cloudresourcemanager.googleapis.com/v1/projects/camisetasretroecomerce:testIamPermissions {"permissions":["firebase.projects.get"]}
[debug] [2024-06-10T17:39:52.293Z] <<< [apiv2][status] POST https://cloudresourcemanager.googleapis.com/v1/projects/camisetasretroecomerce:testIamPermissions 200
[debug] [2024-06-10T17:39:52.293Z] <<< [apiv2][body] POST https://cloudresourcemanager.googleapis.com/v1/projects/camisetasretroecomerce:testIamPermissions {"permissions":["firebase.projects.get"]}
[info] 
[info] Firestore Security Rules allow you to define how and when to allow
[info] requests. You can keep these rules in your project directory
[info] and publish them with firebase deploy.
[info] 
[debug] [2024-06-10T17:39:56.918Z] >>> [apiv2][query] GET https://firebaserules.googleapis.com/v1/projects/camisetasretroecomerce/releases pageSize=10&pageToken=
[debug] [2024-06-10T17:40:13.673Z] <<< [apiv2][status] GET https://firebaserules.googleapis.com/v1/projects/camisetasretroecomerce/releases 200
[debug] [2024-06-10T17:40:13.673Z] <<< [apiv2][body] GET https://firebaserules.googleapis.com/v1/projects/camisetasretroecomerce/releases {"releases":[{"name":"projects/camisetasretroecomerce/releases/cloud.firestore","rulesetName":"projects/camisetasretroecomerce/rulesets/dd79ed02-7b01-47ab-b217-4a5b5ee01fcc","createTime":"2024-06-10T14:21:37.616528Z","updateTime":"2024-06-10T14:21:37.616528Z"}]}
[debug] [2024-06-10T17:40:13.674Z] Found ruleset: projects/camisetasretroecomerce/rulesets/dd79ed02-7b01-47ab-b217-4a5b5ee01fcc
[debug] [2024-06-10T17:40:13.675Z] >>> [apiv2][query] GET https://firebaserules.googleapis.com/v1/projects/camisetasretroecomerce/rulesets/dd79ed02-7b01-47ab-b217-4a5b5ee01fcc [none]
[debug] [2024-06-10T17:40:15.346Z] <<< [apiv2][status] GET https://firebaserules.googleapis.com/v1/projects/camisetasretroecomerce/rulesets/dd79ed02-7b01-47ab-b217-4a5b5ee01fcc 200
[debug] [2024-06-10T17:40:15.347Z] <<< [apiv2][body] GET https://firebaserules.googleapis.com/v1/projects/camisetasretroecomerce/rulesets/dd79ed02-7b01-47ab-b217-4a5b5ee01fcc [omitted]
[info] 
[info] Firestore indexes allow you to perform complex queries while
[info] maintaining performance that scales with the size of the result
[info] set. You can keep index definitions in your project directory
[info] and publish them with firebase deploy.
[info] 
[debug] [2024-06-10T17:40:26.611Z] >>> [apiv2][query] GET https://firestore.googleapis.com/v1/projects/camisetasretroecomerce/databases/(default)/collectionGroups/-/indexes [none]
[debug] [2024-06-10T17:40:26.623Z] >>> [apiv2][query] GET https://firestore.googleapis.com/v1/projects/camisetasretroecomerce/databases/(default)/collectionGroups/-/fields?filter=indexConfig.usesAncestorConfig=false OR ttlConfig:* [none]
[debug] [2024-06-10T17:40:28.706Z] <<< [apiv2][status] GET https://firestore.googleapis.com/v1/projects/camisetasretroecomerce/databases/(default)/collectionGroups/-/indexes 200
[debug] [2024-06-10T17:40:28.706Z] <<< [apiv2][body] GET https://firestore.googleapis.com/v1/projects/camisetasretroecomerce/databases/(default)/collectionGroups/-/indexes {}
[debug] [2024-06-10T17:40:29.597Z] <<< [apiv2][status] GET https://firestore.googleapis.com/v1/projects/camisetasretroecomerce/databases/(default)/collectionGroups/-/fields?filter=indexConfig.usesAncestorConfig=false OR ttlConfig:* 200
[debug] [2024-06-10T17:40:29.598Z] <<< [apiv2][body] GET https://firestore.googleapis.com/v1/projects/camisetasretroecomerce/databases/(default)/collectionGroups/-/fields?filter=indexConfig.usesAncestorConfig=false OR ttlConfig:* {"fields":[{"name":"projects/camisetasretroecomerce/databases/(default)/collectionGroups/__default__/fields/*","indexConfig":{"indexes":[{"queryScope":"COLLECTION","fields":[{"fieldPath":"*","order":"ASCENDING"}],"state":"READY"},{"queryScope":"COLLECTION","fields":[{"fieldPath":"*","order":"DESCENDING"}],"state":"READY"},{"queryScope":"COLLECTION","fields":[{"fieldPath":"*","arrayConfig":"CONTAINS"}],"state":"READY"}]}}]}
[info] 
=== Functions Setup
[debug] [2024-06-10T17:40:29.607Z] > command requires scopes: ["email","openid","https://www.googleapis.com/auth/cloudplatformprojects.readonly","https://www.googleapis.com/auth/firebase","https://www.googleapis.com/auth/cloud-platform"]
[debug] [2024-06-10T17:40:29.607Z] > authorizing via signed-in user (alexisvallejos805@gmail.com)
[debug] [2024-06-10T17:40:29.607Z] [iam] checking project camisetasretroecomerce for permissions ["firebase.projects.get"]
[debug] [2024-06-10T17:40:29.608Z] >>> [apiv2][query] POST https://cloudresourcemanager.googleapis.com/v1/projects/camisetasretroecomerce:testIamPermissions [none]
[debug] [2024-06-10T17:40:29.609Z] >>> [apiv2][(partial)header] POST https://cloudresourcemanager.googleapis.com/v1/projects/camisetasretroecomerce:testIamPermissions x-goog-quota-user=projects/camisetasretroecomerce
[debug] [2024-06-10T17:40:29.609Z] >>> [apiv2][body] POST https://cloudresourcemanager.googleapis.com/v1/projects/camisetasretroecomerce:testIamPermissions {"permissions":["firebase.projects.get"]}
[debug] [2024-06-10T17:40:31.275Z] <<< [apiv2][status] POST https://cloudresourcemanager.googleapis.com/v1/projects/camisetasretroecomerce:testIamPermissions 200
[debug] [2024-06-10T17:40:31.276Z] <<< [apiv2][body] POST https://cloudresourcemanager.googleapis.com/v1/projects/camisetasretroecomerce:testIamPermissions {"permissions":["firebase.projects.get"]}
[debug] [2024-06-10T17:40:31.277Z] >>> [apiv2][query] GET https://serviceusage.googleapis.com/v1/projects/camisetasretroecomerce/services/cloudfunctions.googleapis.com [none]
[debug] [2024-06-10T17:40:31.278Z] >>> [apiv2][(partial)header] GET https://serviceusage.googleapis.com/v1/projects/camisetasretroecomerce/services/cloudfunctions.googleapis.com x-goog-quota-user=projects/camisetasretroecomerce
[debug] [2024-06-10T17:40:31.285Z] >>> [apiv2][query] GET https://serviceusage.googleapis.com/v1/projects/camisetasretroecomerce/services/runtimeconfig.googleapis.com [none]
[debug] [2024-06-10T17:40:31.285Z] >>> [apiv2][(partial)header] GET https://serviceusage.googleapis.com/v1/projects/camisetasretroecomerce/services/runtimeconfig.googleapis.com x-goog-quota-user=projects/camisetasretroecomerce
[debug] [2024-06-10T17:40:33.197Z] <<< [apiv2][status] GET https://serviceusage.googleapis.com/v1/projects/camisetasretroecomerce/services/cloudfunctions.googleapis.com 200
[debug] [2024-06-10T17:40:33.197Z] <<< [apiv2][body] GET https://serviceusage.googleapis.com/v1/projects/camisetasretroecomerce/services/cloudfunctions.googleapis.com [omitted]
[debug] [2024-06-10T17:40:33.198Z] >>> [apiv2][query] POST https://serviceusage.googleapis.com/v1/projects/camisetasretroecomerce/services/cloudfunctions.googleapis.com:enable [none]
[debug] [2024-06-10T17:40:33.199Z] >>> [apiv2][(partial)header] POST https://serviceusage.googleapis.com/v1/projects/camisetasretroecomerce/services/cloudfunctions.googleapis.com:enable x-goog-quota-user=projects/camisetasretroecomerce
[debug] [2024-06-10T17:40:33.204Z] <<< [apiv2][status] GET https://serviceusage.googleapis.com/v1/projects/camisetasretroecomerce/services/runtimeconfig.googleapis.com 200
[debug] [2024-06-10T17:40:33.204Z] <<< [apiv2][body] GET https://serviceusage.googleapis.com/v1/projects/camisetasretroecomerce/services/runtimeconfig.googleapis.com [omitted]
[debug] [2024-06-10T17:40:34.036Z] <<< [apiv2][status] POST https://serviceusage.googleapis.com/v1/projects/camisetasretroecomerce/services/cloudfunctions.googleapis.com:enable 200
[debug] [2024-06-10T17:40:34.036Z] <<< [apiv2][body] POST https://serviceusage.googleapis.com/v1/projects/camisetasretroecomerce/services/cloudfunctions.googleapis.com:enable [omitted]
[debug] [2024-06-10T17:40:44.052Z] >>> [apiv2][query] GET https://serviceusage.googleapis.com/v1/projects/camisetasretroecomerce/services/cloudfunctions.googleapis.com [none]
[debug] [2024-06-10T17:40:44.053Z] >>> [apiv2][(partial)header] GET https://serviceusage.googleapis.com/v1/projects/camisetasretroecomerce/services/cloudfunctions.googleapis.com x-goog-quota-user=projects/camisetasretroecomerce
[debug] [2024-06-10T17:40:45.301Z] <<< [apiv2][status] GET https://serviceusage.googleapis.com/v1/projects/camisetasretroecomerce/services/cloudfunctions.googleapis.com 200
[debug] [2024-06-10T17:40:45.301Z] <<< [apiv2][body] GET https://serviceusage.googleapis.com/v1/projects/camisetasretroecomerce/services/cloudfunctions.googleapis.com [omitted]
[info] Let's create a new codebase for your functions.
[info] A directory corresponding to the codebase will be created in your project
[info] with sample code pre-configured.

[info] See https://firebase.google.com/docs/functions/organize-functions for
[info] more information on organizing your functions using codebases.

[info] Functions can be deployed with firebase deploy.

[info] +  Wrote functions/package.json 
[info] +  Wrote functions/.eslintrc.js 
[info] +  Wrote functions/index.js 
[info] +  Wrote functions/.gitignore 
[info] 
=== Hosting Setup
[debug] [2024-06-10T17:48:35.788Z] >>> [apiv2][query] GET https://firebase.googleapis.com/v1beta1/projects/camisetasretroecomerce [none]
[debug] [2024-06-10T17:48:36.495Z] <<< [apiv2][status] GET https://firebase.googleapis.com/v1beta1/projects/camisetasretroecomerce 200
[debug] [2024-06-10T17:48:36.496Z] <<< [apiv2][body] GET https://firebase.googleapis.com/v1beta1/projects/camisetasretroecomerce {"projectId":"camisetasretroecomerce","projectNumber":"686603066797","displayName":"CamisetasRetroEcomerce","name":"projects/camisetasretroecomerce","resources":{"hostingSite":"camisetasretroecomerce"},"state":"ACTIVE","etag":"1_c35ac51f-5f58-4f16-ac1e-3f1325d88bca"}
[info] 
[info] Your public directory is the folder (relative to your project directory) that
[info] will contain Hosting assets to be uploaded with firebase deploy. If you
[info] have a build process for your assets, use your build's output directory.
[info] 
